<?xml version="1.0" encoding="UTF-8"?>
<!-- Generated by org.testng.reporters.JUnitXMLReporter -->
<testsuite hostname="DESKTOP-5TGNLDO" failures="0" tests="11" name="Test" time="35.571" errors="0" timestamp="20 Sep 2024 14:28:08 GMT">
  <testcase classname="com.ajio.AjioFashion" name="clickOnFashion" time="2.953"/>
  <testcase classname="com.ajio.AjioBeauty" name="clickOnSports" time="3.942"/>
  <testcase classname="com.ajio.AjioBeauty" name="validateSportsShop" time="1.547"/>
  <testcase classname="com.ajio.AjioFashion" name="vallidateFashion" time="5.59"/>
  <testcase classname="com.ajio.AjioBeauty" name="clickOnOutdoorGames" time="5.76"/>
  <testcase classname="com.ajio.AjioFashion" name="women" time="4.228"/>
  <testcase classname="com.ajio.AjioBeauty" name="shopByCategory" time="1.164"/>
  <testcase classname="com.ajio.AjioBeauty" name="skateBoarding" time="2.736"/>
  <testcase classname="com.ajio.AjioBeauty" name="boardOrder" time="1.922"/>
  <testcase classname="com.ajio.AjioBeauty" name="boardOrder" time="1.509"/>
  <testcase classname="com.ajio.AjioBeauty" name="backPage" time="6.947"/>
</testsuite> <!-- Test -->
