<?xml version="1.0" encoding="UTF-8"?>
<!-- Generated by org.testng.reporters.JUnitXMLReporter -->
<testsuite hostname="DESKTOP-5TGNLDO" failures="0" tests="8" name="Test3" time="1.461" errors="0" timestamp="20 Sep 2024 16:28:02 GMT">
  <testcase classname="com.ajio.AjioBeauty" name="@BeforeClass launchUrl" time="0.0">
    <failure type="org.openqa.selenium.SessionNotCreatedException" message="Could not start a new session. Response code 500. Message: Expected browser binary location, but unable to find binary in default location, no &amp;apos;moz:firefoxOptions.binary&amp;apos; capability provided, and no binary flag set on the command line 
Host info: host: &amp;apos;DESKTOP-5TGNLDO&amp;apos;, ip: &amp;apos;192.168.0.105&amp;apos;
Build info: version: &amp;apos;4.10.0&amp;apos;, revision: &amp;apos;c14d967899&amp;apos;
System info: os.name: &amp;apos;Windows 10&amp;apos;, os.arch: &amp;apos;amd64&amp;apos;, os.version: &amp;apos;10.0&amp;apos;, java.version: &amp;apos;20.0.2&amp;apos;
Driver info: org.openqa.selenium.firefox.FirefoxDriver
Command: [null, newSession {capabilities=[Capabilities {acceptInsecureCerts: true, browserName: firefox, moz:debuggerAddress: true, moz:firefoxOptions: {}}]}]">
      <![CDATA[org.openqa.selenium.SessionNotCreatedException: Could not start a new session. Response code 500. Message: Expected browser binary location, but unable to find binary in default location, no 'moz:firefoxOptions.binary' capability provided, and no binary flag set on the command line 
Host info: host: 'DESKTOP-5TGNLDO', ip: '192.168.0.105'
Build info: version: '4.10.0', revision: 'c14d967899'
System info: os.name: 'Windows 10', os.arch: 'amd64', os.version: '10.0', java.version: '20.0.2'
Driver info: org.openqa.selenium.firefox.FirefoxDriver
Command: [null, newSession {capabilities=[Capabilities {acceptInsecureCerts: true, browserName: firefox, moz:debuggerAddress: true, moz:firefoxOptions: {}}]}]
	at org.openqa.selenium.remote.ProtocolHandshake.createSession(ProtocolHandshake.java:140)
	at org.openqa.selenium.remote.ProtocolHandshake.createSession(ProtocolHandshake.java:96)
	at org.openqa.selenium.remote.ProtocolHandshake.createSession(ProtocolHandshake.java:68)
	at org.openqa.selenium.remote.HttpCommandExecutor.execute(HttpCommandExecutor.java:163)
	at org.openqa.selenium.remote.service.DriverCommandExecutor.invokeExecute(DriverCommandExecutor.java:196)
	at org.openqa.selenium.remote.service.DriverCommandExecutor.execute(DriverCommandExecutor.java:171)
	at org.openqa.selenium.remote.RemoteWebDriver.execute(RemoteWebDriver.java:531)
	at org.openqa.selenium.remote.RemoteWebDriver.startSession(RemoteWebDriver.java:227)
	at org.openqa.selenium.remote.RemoteWebDriver.<init>(RemoteWebDriver.java:154)
	at org.openqa.selenium.firefox.FirefoxDriver.<init>(FirefoxDriver.java:151)
	at org.openqa.selenium.firefox.FirefoxDriver.<init>(FirefoxDriver.java:146)
	at org.openqa.selenium.firefox.FirefoxDriver.<init>(FirefoxDriver.java:130)
	at org.openqa.selenium.firefox.FirefoxDriver.<init>(FirefoxDriver.java:125)
	at org.openqa.selenium.firefox.FirefoxDriver.<init>(FirefoxDriver.java:110)
	at org.openqa.selenium.firefox.FirefoxDriver.<init>(FirefoxDriver.java:100)
	at com.ajio.AjioBeauty.launchUrl(AjioBeauty.java:90)
... Removed 22 stack frames]]>
    </failure>
  </testcase> <!-- @BeforeClass launchUrl -->
  <testcase classname="com.ajio.AjioBeauty" name="@BeforeMethod Before" time="0.0">
    <skipped/>
  </testcase> <!-- @BeforeMethod Before -->
  <testcase classname="com.ajio.AjioBeauty" name="@AfterMethod After" time="0.0">
    <skipped/>
  </testcase> <!-- @AfterMethod After -->
  <testcase classname="com.ajio.AjioBeauty" name="@BeforeMethod Before" time="0.0">
    <skipped/>
  </testcase> <!-- @BeforeMethod Before -->
  <testcase classname="com.ajio.AjioBeauty" name="@AfterMethod After" time="0.0">
    <skipped/>
  </testcase> <!-- @AfterMethod After -->
  <testcase classname="com.ajio.AjioBeauty" name="@BeforeMethod Before" time="0.0">
    <skipped/>
  </testcase> <!-- @BeforeMethod Before -->
  <testcase classname="com.ajio.AjioBeauty" name="@AfterMethod After" time="0.0">
    <skipped/>
  </testcase> <!-- @AfterMethod After -->
  <testcase classname="com.ajio.AjioBeauty" name="@BeforeMethod Before" time="0.0">
    <skipped/>
  </testcase> <!-- @BeforeMethod Before -->
  <testcase classname="com.ajio.AjioBeauty" name="@AfterMethod After" time="0.0">
    <skipped/>
  </testcase> <!-- @AfterMethod After -->
  <testcase classname="com.ajio.AjioBeauty" name="@BeforeMethod Before" time="0.0">
    <skipped/>
  </testcase> <!-- @BeforeMethod Before -->
  <testcase classname="com.ajio.AjioBeauty" name="@AfterMethod After" time="0.0">
    <skipped/>
  </testcase> <!-- @AfterMethod After -->
  <testcase classname="com.ajio.AjioBeauty" name="@BeforeMethod Before" time="0.0">
    <skipped/>
  </testcase> <!-- @BeforeMethod Before -->
  <testcase classname="com.ajio.AjioBeauty" name="@AfterMethod After" time="0.0">
    <skipped/>
  </testcase> <!-- @AfterMethod After -->
  <testcase classname="com.ajio.AjioBeauty" name="@BeforeMethod Before" time="0.0">
    <skipped/>
  </testcase> <!-- @BeforeMethod Before -->
  <testcase classname="com.ajio.AjioBeauty" name="@AfterMethod After" time="0.0">
    <skipped/>
  </testcase> <!-- @AfterMethod After -->
  <testcase classname="com.ajio.AjioBeauty" name="@BeforeMethod Before" time="0.0">
    <skipped/>
  </testcase> <!-- @BeforeMethod Before -->
  <testcase classname="com.ajio.AjioBeauty" name="@AfterMethod After" time="0.0">
    <skipped/>
  </testcase> <!-- @AfterMethod After -->
  <testcase classname="com.ajio.AjioBeauty" name="@AfterClass close" time="0.0">
    <skipped/>
  </testcase> <!-- @AfterClass close -->
  <testcase classname="com.ajio.AjioBeauty" name="@AfterTest afterTest" time="0.0">
    <skipped/>
  </testcase> <!-- @AfterTest afterTest -->
  <testcase classname="com.ajio.AjioBeauty" name="clickOnSports" time="0.001">
    <skipped/>
  </testcase> <!-- clickOnSports -->
  <testcase classname="com.ajio.AjioBeauty" name="validateSportsShop" time="0.001">
    <skipped/>
  </testcase> <!-- validateSportsShop -->
  <testcase classname="com.ajio.AjioBeauty" name="clickOnOutdoorGames" time="0.0">
    <skipped/>
  </testcase> <!-- clickOnOutdoorGames -->
  <testcase classname="com.ajio.AjioBeauty" name="shopByCategory" time="0.001">
    <skipped/>
  </testcase> <!-- shopByCategory -->
  <testcase classname="com.ajio.AjioBeauty" name="skateBoarding" time="0.0">
    <skipped/>
  </testcase> <!-- skateBoarding -->
  <testcase classname="com.ajio.AjioBeauty" name="boardOrder" time="0.0">
    <skipped/>
  </testcase> <!-- boardOrder -->
  <testcase classname="com.ajio.AjioBeauty" name="boardOrder" time="0.001">
    <skipped/>
  </testcase> <!-- boardOrder -->
  <testcase classname="com.ajio.AjioBeauty" name="backPage" time="0.0">
    <skipped/>
  </testcase> <!-- backPage -->
</testsuite> <!-- Test3 -->
