<?xml version="1.0" encoding="UTF-8"?>
<!-- Generated by org.testng.reporters.JUnitXMLReporter -->
<testsuite hostname="DESKTOP-5TGNLDO" failures="0" tests="8" name="Test1" time="25.298" errors="0" timestamp="20 Sep 2024 16:34:50 GMT">
  <testcase classname="com.ajio.AjioBeauty" name="clickOnSports" time="2.013"/>
  <testcase classname="com.ajio.AjioBeauty" name="validateSportsShop" time="0.721"/>
  <testcase classname="com.ajio.AjioBeauty" name="clickOnOutdoorGames" time="3.723"/>
  <testcase classname="com.ajio.AjioBeauty" name="shopByCategory" time="1.386"/>
  <testcase classname="com.ajio.AjioBeauty" name="skateBoarding" time="2.511"/>
  <testcase classname="com.ajio.AjioBeauty" name="boardOrder" time="1.834"/>
  <testcase classname="com.ajio.AjioBeauty" name="boardOrder" time="1.134"/>
  <testcase classname="com.ajio.AjioBeauty" name="backPage" time="5.84"/>
</testsuite> <!-- Test1 -->
